NOTE: Picked up JDK_JAVA_OPTIONS:  --add-opens=java.base/java.lang=ALL-UNNAMED --add-opens=java.base/java.io=ALL-UNNAMED --add-opens=java.rmi/sun.rmi.transport=ALL-UNNAMED
03-Oct-2019 11:42:40.852 INFO [main] org.apache.catalina.startup.VersionLoggerListener.log Server version name:   Apache Tomcat/8.5.46
03-Oct-2019 11:42:40.861 INFO [main] org.apache.catalina.startup.VersionLoggerListener.log Server built:          Sep 16 2019 18:16:19 UTC
03-Oct-2019 11:42:40.862 INFO [main] org.apache.catalina.startup.VersionLoggerListener.log Server version number: 8.5.46.0
03-Oct-2019 11:42:40.862 INFO [main] org.apache.catalina.startup.VersionLoggerListener.log OS Name:               Linux
03-Oct-2019 11:42:40.863 INFO [main] org.apache.catalina.startup.VersionLoggerListener.log OS Version:            4.15.0-62-generic
03-Oct-2019 11:42:40.863 INFO [main] org.apache.catalina.startup.VersionLoggerListener.log Architecture:          amd64
03-Oct-2019 11:42:40.863 INFO [main] org.apache.catalina.startup.VersionLoggerListener.log Java Home:             /usr/lib/jvm/java-11-openjdk-amd64
03-Oct-2019 11:42:40.863 INFO [main] org.apache.catalina.startup.VersionLoggerListener.log JVM Version:           11.0.4+11-post-Ubuntu-1ubuntu218.04.3
03-Oct-2019 11:42:40.863 INFO [main] org.apache.catalina.startup.VersionLoggerListener.log JVM Vendor:            Ubuntu
03-Oct-2019 11:42:40.864 INFO [main] org.apache.catalina.startup.VersionLoggerListener.log CATALINA_BASE:         /home/camila/Desktop/3 ANO/IES/praticas/guiao2/apache-tomcat-8.5.46
03-Oct-2019 11:42:40.864 INFO [main] org.apache.catalina.startup.VersionLoggerListener.log CATALINA_HOME:         /home/camila/Desktop/3 ANO/IES/praticas/guiao2/apache-tomcat-8.5.46
03-Oct-2019 11:42:40.876 INFO [main] org.apache.catalina.startup.VersionLoggerListener.log Command line argument: --add-opens=java.base/java.lang=ALL-UNNAMED
03-Oct-2019 11:42:40.876 INFO [main] org.apache.catalina.startup.VersionLoggerListener.log Command line argument: --add-opens=java.base/java.io=ALL-UNNAMED
03-Oct-2019 11:42:40.877 INFO [main] org.apache.catalina.startup.VersionLoggerListener.log Command line argument: --add-opens=java.rmi/sun.rmi.transport=ALL-UNNAMED
03-Oct-2019 11:42:40.877 INFO [main] org.apache.catalina.startup.VersionLoggerListener.log Command line argument: -Djava.util.logging.config.file=/home/camila/Desktop/3 ANO/IES/praticas/guiao2/apache-tomcat-8.5.46/conf/logging.properties
03-Oct-2019 11:42:40.877 INFO [main] org.apache.catalina.startup.VersionLoggerListener.log Command line argument: -Djava.util.logging.manager=org.apache.juli.ClassLoaderLogManager
03-Oct-2019 11:42:40.877 INFO [main] org.apache.catalina.startup.VersionLoggerListener.log Command line argument: -Djdk.tls.ephemeralDHKeySize=2048
03-Oct-2019 11:42:40.877 INFO [main] org.apache.catalina.startup.VersionLoggerListener.log Command line argument: -Djava.protocol.handler.pkgs=org.apache.catalina.webresources
03-Oct-2019 11:42:40.877 INFO [main] org.apache.catalina.startup.VersionLoggerListener.log Command line argument: -Dorg.apache.catalina.security.SecurityListener.UMASK=0027
03-Oct-2019 11:42:40.878 INFO [main] org.apache.catalina.startup.VersionLoggerListener.log Command line argument: -Dignore.endorsed.dirs=
03-Oct-2019 11:42:40.878 INFO [main] org.apache.catalina.startup.VersionLoggerListener.log Command line argument: -Dcatalina.base=/home/camila/Desktop/3 ANO/IES/praticas/guiao2/apache-tomcat-8.5.46
03-Oct-2019 11:42:40.878 INFO [main] org.apache.catalina.startup.VersionLoggerListener.log Command line argument: -Dcatalina.home=/home/camila/Desktop/3 ANO/IES/praticas/guiao2/apache-tomcat-8.5.46
03-Oct-2019 11:42:40.878 INFO [main] org.apache.catalina.startup.VersionLoggerListener.log Command line argument: -Djava.io.tmpdir=/home/camila/Desktop/3 ANO/IES/praticas/guiao2/apache-tomcat-8.5.46/temp
03-Oct-2019 11:42:40.878 INFO [main] org.apache.catalina.core.AprLifecycleListener.lifecycleEvent The APR based Apache Tomcat Native library which allows optimal performance in production environments was not found on the java.library.path: [/usr/java/packages/lib:/usr/lib/x86_64-linux-gnu/jni:/lib/x86_64-linux-gnu:/usr/lib/x86_64-linux-gnu:/usr/lib/jni:/lib:/usr/lib]
03-Oct-2019 11:42:41.063 INFO [main] org.apache.coyote.AbstractProtocol.init Initializing ProtocolHandler ["http-nio-8080"]
03-Oct-2019 11:42:41.166 INFO [main] org.apache.tomcat.util.net.NioSelectorPool.getSharedSelector Using a shared selector for servlet write/read
03-Oct-2019 11:42:41.200 INFO [main] org.apache.coyote.AbstractProtocol.init Initializing ProtocolHandler ["ajp-nio-8009"]
03-Oct-2019 11:42:41.202 INFO [main] org.apache.tomcat.util.net.NioSelectorPool.getSharedSelector Using a shared selector for servlet write/read
03-Oct-2019 11:42:41.203 INFO [main] org.apache.catalina.startup.Catalina.load Initialization processed in 2109 ms
03-Oct-2019 11:42:41.335 INFO [main] org.apache.catalina.core.StandardService.startInternal Starting service [Catalina]
03-Oct-2019 11:42:41.336 INFO [main] org.apache.catalina.core.StandardEngine.startInternal Starting Servlet Engine: Apache Tomcat/8.5.46
03-Oct-2019 11:42:41.412 INFO [localhost-startStop-1] org.apache.catalina.startup.HostConfig.deployDirectory Deploying web application directory [/home/camila/Desktop/3 ANO/IES/praticas/guiao2/apache-tomcat-8.5.46/webapps/docs]
03-Oct-2019 11:42:42.065 INFO [localhost-startStop-1] org.apache.catalina.startup.HostConfig.deployDirectory Deployment of web application directory [/home/camila/Desktop/3 ANO/IES/praticas/guiao2/apache-tomcat-8.5.46/webapps/docs] has finished in [642] ms
03-Oct-2019 11:42:42.066 INFO [localhost-startStop-1] org.apache.catalina.startup.HostConfig.deployDirectory Deploying web application directory [/home/camila/Desktop/3 ANO/IES/praticas/guiao2/apache-tomcat-8.5.46/webapps/manager]
03-Oct-2019 11:42:42.141 INFO [localhost-startStop-1] org.apache.catalina.startup.HostConfig.deployDirectory Deployment of web application directory [/home/camila/Desktop/3 ANO/IES/praticas/guiao2/apache-tomcat-8.5.46/webapps/manager] has finished in [75] ms
03-Oct-2019 11:42:42.141 INFO [localhost-startStop-1] org.apache.catalina.startup.HostConfig.deployDirectory Deploying web application directory [/home/camila/Desktop/3 ANO/IES/praticas/guiao2/apache-tomcat-8.5.46/webapps/host-manager]
03-Oct-2019 11:42:42.178 INFO [localhost-startStop-1] org.apache.catalina.startup.HostConfig.deployDirectory Deployment of web application directory [/home/camila/Desktop/3 ANO/IES/praticas/guiao2/apache-tomcat-8.5.46/webapps/host-manager] has finished in [37] ms
03-Oct-2019 11:42:42.178 INFO [localhost-startStop-1] org.apache.catalina.startup.HostConfig.deployDirectory Deploying web application directory [/home/camila/Desktop/3 ANO/IES/praticas/guiao2/apache-tomcat-8.5.46/webapps/examples]
03-Oct-2019 11:42:42.730 INFO [localhost-startStop-1] org.apache.catalina.startup.HostConfig.deployDirectory Deployment of web application directory [/home/camila/Desktop/3 ANO/IES/praticas/guiao2/apache-tomcat-8.5.46/webapps/examples] has finished in [552] ms
03-Oct-2019 11:42:42.731 INFO [localhost-startStop-1] org.apache.catalina.startup.HostConfig.deployDirectory Deploying web application directory [/home/camila/Desktop/3 ANO/IES/praticas/guiao2/apache-tomcat-8.5.46/webapps/ROOT]
03-Oct-2019 11:42:42.764 INFO [localhost-startStop-1] org.apache.catalina.startup.HostConfig.deployDirectory Deployment of web application directory [/home/camila/Desktop/3 ANO/IES/praticas/guiao2/apache-tomcat-8.5.46/webapps/ROOT] has finished in [34] ms
03-Oct-2019 11:42:42.772 INFO [main] org.apache.coyote.AbstractProtocol.start Starting ProtocolHandler ["http-nio-8080"]
03-Oct-2019 11:42:42.799 INFO [main] org.apache.coyote.AbstractProtocol.start Starting ProtocolHandler ["ajp-nio-8009"]
03-Oct-2019 11:42:42.816 INFO [main] org.apache.catalina.startup.Catalina.start Server startup in 1612 ms
03-Oct-2019 11:52:33.209 INFO [ContainerBackgroundProcessor[StandardEngine[Catalina]]] org.apache.catalina.users.MemoryUserDatabase.backgroundProcess Reloading memory user database [UserDatabase] from updated source [file:/home/camila/Desktop/3%20ANO/IES/praticas/guiao2/apache-tomcat-8.5.46/conf/tomcat-users.xml]
NOTE: Picked up JDK_JAVA_OPTIONS:  --add-opens=java.base/java.lang=ALL-UNNAMED --add-opens=java.base/java.io=ALL-UNNAMED --add-opens=java.rmi/sun.rmi.transport=ALL-UNNAMED
03-Oct-2019 11:54:37.941 INFO [main] org.apache.catalina.startup.VersionLoggerListener.log Server version name:   Apache Tomcat/8.5.46
03-Oct-2019 11:54:37.946 INFO [main] org.apache.catalina.startup.VersionLoggerListener.log Server built:          Sep 16 2019 18:16:19 UTC
03-Oct-2019 11:54:37.946 INFO [main] org.apache.catalina.startup.VersionLoggerListener.log Server version number: 8.5.46.0
03-Oct-2019 11:54:37.948 INFO [main] org.apache.catalina.startup.VersionLoggerListener.log OS Name:               Linux
03-Oct-2019 11:54:37.948 INFO [main] org.apache.catalina.startup.VersionLoggerListener.log OS Version:            4.15.0-62-generic
03-Oct-2019 11:54:37.948 INFO [main] org.apache.catalina.startup.VersionLoggerListener.log Architecture:          amd64
03-Oct-2019 11:54:37.948 INFO [main] org.apache.catalina.startup.VersionLoggerListener.log Java Home:             /usr/lib/jvm/java-11-openjdk-amd64
03-Oct-2019 11:54:37.949 INFO [main] org.apache.catalina.startup.VersionLoggerListener.log JVM Version:           11.0.4+11-post-Ubuntu-1ubuntu218.04.3
03-Oct-2019 11:54:37.949 INFO [main] org.apache.catalina.startup.VersionLoggerListener.log JVM Vendor:            Ubuntu
03-Oct-2019 11:54:37.949 INFO [main] org.apache.catalina.startup.VersionLoggerListener.log CATALINA_BASE:         /home/camila/Desktop/3 ANO/IES/praticas/guiao2/apache-tomcat-8.5.46
03-Oct-2019 11:54:37.949 INFO [main] org.apache.catalina.startup.VersionLoggerListener.log CATALINA_HOME:         /home/camila/Desktop/3 ANO/IES/praticas/guiao2/apache-tomcat-8.5.46
03-Oct-2019 11:54:37.954 INFO [main] org.apache.catalina.startup.VersionLoggerListener.log Command line argument: --add-opens=java.base/java.lang=ALL-UNNAMED
03-Oct-2019 11:54:37.954 INFO [main] org.apache.catalina.startup.VersionLoggerListener.log Command line argument: --add-opens=java.base/java.io=ALL-UNNAMED
03-Oct-2019 11:54:37.954 INFO [main] org.apache.catalina.startup.VersionLoggerListener.log Command line argument: --add-opens=java.rmi/sun.rmi.transport=ALL-UNNAMED
03-Oct-2019 11:54:37.954 INFO [main] org.apache.catalina.startup.VersionLoggerListener.log Command line argument: -Djava.util.logging.config.file=/home/camila/Desktop/3 ANO/IES/praticas/guiao2/apache-tomcat-8.5.46/conf/logging.properties
03-Oct-2019 11:54:37.954 INFO [main] org.apache.catalina.startup.VersionLoggerListener.log Command line argument: -Djava.util.logging.manager=org.apache.juli.ClassLoaderLogManager
03-Oct-2019 11:54:37.955 INFO [main] org.apache.catalina.startup.VersionLoggerListener.log Command line argument: -Djdk.tls.ephemeralDHKeySize=2048
03-Oct-2019 11:54:37.955 INFO [main] org.apache.catalina.startup.VersionLoggerListener.log Command line argument: -Djava.protocol.handler.pkgs=org.apache.catalina.webresources
03-Oct-2019 11:54:37.955 INFO [main] org.apache.catalina.startup.VersionLoggerListener.log Command line argument: -Dorg.apache.catalina.security.SecurityListener.UMASK=0027
03-Oct-2019 11:54:37.955 INFO [main] org.apache.catalina.startup.VersionLoggerListener.log Command line argument: -Dignore.endorsed.dirs=
03-Oct-2019 11:54:37.955 INFO [main] org.apache.catalina.startup.VersionLoggerListener.log Command line argument: -Dcatalina.base=/home/camila/Desktop/3 ANO/IES/praticas/guiao2/apache-tomcat-8.5.46
03-Oct-2019 11:54:37.956 INFO [main] org.apache.catalina.startup.VersionLoggerListener.log Command line argument: -Dcatalina.home=/home/camila/Desktop/3 ANO/IES/praticas/guiao2/apache-tomcat-8.5.46
03-Oct-2019 11:54:37.956 INFO [main] org.apache.catalina.startup.VersionLoggerListener.log Command line argument: -Djava.io.tmpdir=/home/camila/Desktop/3 ANO/IES/praticas/guiao2/apache-tomcat-8.5.46/temp
03-Oct-2019 11:54:37.956 INFO [main] org.apache.catalina.core.AprLifecycleListener.lifecycleEvent The APR based Apache Tomcat Native library which allows optimal performance in production environments was not found on the java.library.path: [/usr/java/packages/lib:/usr/lib/x86_64-linux-gnu/jni:/lib/x86_64-linux-gnu:/usr/lib/x86_64-linux-gnu:/usr/lib/jni:/lib:/usr/lib]
03-Oct-2019 11:54:38.102 INFO [main] org.apache.coyote.AbstractProtocol.init Initializing ProtocolHandler ["http-nio-8080"]
03-Oct-2019 11:54:38.169 SEVERE [main] org.apache.catalina.core.StandardService.initInternal Failed to initialize connector [Connector[HTTP/1.1-8080]]
	org.apache.catalina.LifecycleException: Failed to initialize component [Connector[HTTP/1.1-8080]]
		at org.apache.catalina.util.LifecycleBase.init(LifecycleBase.java:112)
		at org.apache.catalina.core.StandardService.initInternal(StandardService.java:552)
		at org.apache.catalina.util.LifecycleBase.init(LifecycleBase.java:107)
		at org.apache.catalina.core.StandardServer.initInternal(StandardServer.java:852)
		at org.apache.catalina.util.LifecycleBase.init(LifecycleBase.java:107)
		at org.apache.catalina.startup.Catalina.load(Catalina.java:639)
		at org.apache.catalina.startup.Catalina.load(Catalina.java:662)
		at java.base/jdk.internal.reflect.NativeMethodAccessorImpl.invoke0(Native Method)
		at java.base/jdk.internal.reflect.NativeMethodAccessorImpl.invoke(NativeMethodAccessorImpl.java:62)
		at java.base/jdk.internal.reflect.DelegatingMethodAccessorImpl.invoke(DelegatingMethodAccessorImpl.java:43)
		at java.base/java.lang.reflect.Method.invoke(Method.java:566)
		at org.apache.catalina.startup.Bootstrap.load(Bootstrap.java:309)
		at org.apache.catalina.startup.Bootstrap.main(Bootstrap.java:492)
	Caused by: org.apache.catalina.LifecycleException: Protocol handler initialization failed
		at org.apache.catalina.connector.Connector.initInternal(Connector.java:995)
		at org.apache.catalina.util.LifecycleBase.init(LifecycleBase.java:107)
		... 12 more
	Caused by: java.net.BindException: Endereço já em uso
		at java.base/sun.nio.ch.Net.bind0(Native Method)
		at java.base/sun.nio.ch.Net.bind(Net.java:461)
		at java.base/sun.nio.ch.Net.bind(Net.java:453)
		at java.base/sun.nio.ch.ServerSocketChannelImpl.bind(ServerSocketChannelImpl.java:227)
		at java.base/sun.nio.ch.ServerSocketAdaptor.bind(ServerSocketAdaptor.java:80)
		at org.apache.tomcat.util.net.NioEndpoint.bind(NioEndpoint.java:219)
		at org.apache.tomcat.util.net.AbstractEndpoint.init(AbstractEndpoint.java:1118)
		at org.apache.tomcat.util.net.AbstractJsseEndpoint.init(AbstractJsseEndpoint.java:224)
		at org.apache.coyote.AbstractProtocol.init(AbstractProtocol.java:581)
		at org.apache.coyote.http11.AbstractHttp11Protocol.init(AbstractHttp11Protocol.java:68)
		at org.apache.catalina.connector.Connector.initInternal(Connector.java:993)
		... 13 more
03-Oct-2019 11:54:38.172 INFO [main] org.apache.coyote.AbstractProtocol.init Initializing ProtocolHandler ["ajp-nio-8009"]
03-Oct-2019 11:54:38.174 SEVERE [main] org.apache.catalina.core.StandardService.initInternal Failed to initialize connector [Connector[AJP/1.3-8009]]
	org.apache.catalina.LifecycleException: Failed to initialize component [Connector[AJP/1.3-8009]]
		at org.apache.catalina.util.LifecycleBase.init(LifecycleBase.java:112)
		at org.apache.catalina.core.StandardService.initInternal(StandardService.java:552)
		at org.apache.catalina.util.LifecycleBase.init(LifecycleBase.java:107)
		at org.apache.catalina.core.StandardServer.initInternal(StandardServer.java:852)
		at org.apache.catalina.util.LifecycleBase.init(LifecycleBase.java:107)
		at org.apache.catalina.startup.Catalina.load(Catalina.java:639)
		at org.apache.catalina.startup.Catalina.load(Catalina.java:662)
		at java.base/jdk.internal.reflect.NativeMethodAccessorImpl.invoke0(Native Method)
		at java.base/jdk.internal.reflect.NativeMethodAccessorImpl.invoke(NativeMethodAccessorImpl.java:62)
		at java.base/jdk.internal.reflect.DelegatingMethodAccessorImpl.invoke(DelegatingMethodAccessorImpl.java:43)
		at java.base/java.lang.reflect.Method.invoke(Method.java:566)
		at org.apache.catalina.startup.Bootstrap.load(Bootstrap.java:309)
		at org.apache.catalina.startup.Bootstrap.main(Bootstrap.java:492)
	Caused by: org.apache.catalina.LifecycleException: Protocol handler initialization failed
		at org.apache.catalina.connector.Connector.initInternal(Connector.java:995)
		at org.apache.catalina.util.LifecycleBase.init(LifecycleBase.java:107)
		... 12 more
	Caused by: java.net.BindException: Endereço já em uso
		at java.base/sun.nio.ch.Net.bind0(Native Method)
		at java.base/sun.nio.ch.Net.bind(Net.java:461)
		at java.base/sun.nio.ch.Net.bind(Net.java:453)
		at java.base/sun.nio.ch.ServerSocketChannelImpl.bind(ServerSocketChannelImpl.java:227)
		at java.base/sun.nio.ch.ServerSocketAdaptor.bind(ServerSocketAdaptor.java:80)
		at org.apache.tomcat.util.net.NioEndpoint.bind(NioEndpoint.java:219)
		at org.apache.tomcat.util.net.AbstractEndpoint.init(AbstractEndpoint.java:1118)
		at org.apache.tomcat.util.net.AbstractJsseEndpoint.init(AbstractJsseEndpoint.java:224)
		at org.apache.coyote.AbstractProtocol.init(AbstractProtocol.java:581)
		at org.apache.catalina.connector.Connector.initInternal(Connector.java:993)
		... 13 more
03-Oct-2019 11:54:38.176 INFO [main] org.apache.catalina.startup.Catalina.load Initialization processed in 1828 ms
03-Oct-2019 11:54:38.291 INFO [main] org.apache.catalina.core.StandardService.startInternal Starting service [Catalina]
03-Oct-2019 11:54:38.291 INFO [main] org.apache.catalina.core.StandardEngine.startInternal Starting Servlet Engine: Apache Tomcat/8.5.46
03-Oct-2019 11:54:38.334 INFO [localhost-startStop-1] org.apache.catalina.startup.HostConfig.deployDirectory Deploying web application directory [/home/camila/Desktop/3 ANO/IES/praticas/guiao2/apache-tomcat-8.5.46/webapps/docs]
03-Oct-2019 11:54:39.099 WARNING [localhost-startStop-1] org.apache.catalina.util.SessionIdGeneratorBase.createSecureRandom Creation of SecureRandom instance for session ID generation using [SHA1PRNG] took [135] milliseconds.
03-Oct-2019 11:54:39.187 INFO [localhost-startStop-1] org.apache.catalina.startup.HostConfig.deployDirectory Deployment of web application directory [/home/camila/Desktop/3 ANO/IES/praticas/guiao2/apache-tomcat-8.5.46/webapps/docs] has finished in [853] ms
03-Oct-2019 11:54:39.188 INFO [localhost-startStop-1] org.apache.catalina.startup.HostConfig.deployDirectory Deploying web application directory [/home/camila/Desktop/3 ANO/IES/praticas/guiao2/apache-tomcat-8.5.46/webapps/manager]
03-Oct-2019 11:54:39.317 INFO [localhost-startStop-1] org.apache.catalina.startup.HostConfig.deployDirectory Deployment of web application directory [/home/camila/Desktop/3 ANO/IES/praticas/guiao2/apache-tomcat-8.5.46/webapps/manager] has finished in [128] ms
03-Oct-2019 11:54:39.317 INFO [localhost-startStop-1] org.apache.catalina.startup.HostConfig.deployDirectory Deploying web application directory [/home/camila/Desktop/3 ANO/IES/praticas/guiao2/apache-tomcat-8.5.46/webapps/host-manager]
03-Oct-2019 11:54:39.374 INFO [localhost-startStop-1] org.apache.catalina.startup.HostConfig.deployDirectory Deployment of web application directory [/home/camila/Desktop/3 ANO/IES/praticas/guiao2/apache-tomcat-8.5.46/webapps/host-manager] has finished in [56] ms
03-Oct-2019 11:54:39.374 INFO [localhost-startStop-1] org.apache.catalina.startup.HostConfig.deployDirectory Deploying web application directory [/home/camila/Desktop/3 ANO/IES/praticas/guiao2/apache-tomcat-8.5.46/webapps/examples]
03-Oct-2019 11:54:40.583 INFO [localhost-startStop-1] org.apache.catalina.startup.HostConfig.deployDirectory Deployment of web application directory [/home/camila/Desktop/3 ANO/IES/praticas/guiao2/apache-tomcat-8.5.46/webapps/examples] has finished in [1,209] ms
03-Oct-2019 11:54:40.583 INFO [localhost-startStop-1] org.apache.catalina.startup.HostConfig.deployDirectory Deploying web application directory [/home/camila/Desktop/3 ANO/IES/praticas/guiao2/apache-tomcat-8.5.46/webapps/ROOT]
03-Oct-2019 11:54:40.621 INFO [localhost-startStop-1] org.apache.catalina.startup.HostConfig.deployDirectory Deployment of web application directory [/home/camila/Desktop/3 ANO/IES/praticas/guiao2/apache-tomcat-8.5.46/webapps/ROOT] has finished in [38] ms
03-Oct-2019 11:54:40.627 INFO [main] org.apache.catalina.startup.Catalina.start Server startup in 2451 ms
03-Oct-2019 11:54:40.657 SEVERE [main] org.apache.catalina.core.StandardServer.await StandardServer.await: create[localhost:8005]: 
	java.net.BindException: Endereço já em uso (Bind failed)
		at java.base/java.net.PlainSocketImpl.socketBind(Native Method)
		at java.base/java.net.AbstractPlainSocketImpl.bind(AbstractPlainSocketImpl.java:436)
		at java.base/java.net.ServerSocket.bind(ServerSocket.java:381)
		at java.base/java.net.ServerSocket.<init>(ServerSocket.java:243)
		at org.apache.catalina.core.StandardServer.await(StandardServer.java:421)
		at org.apache.catalina.startup.Catalina.await(Catalina.java:776)
		at org.apache.catalina.startup.Catalina.start(Catalina.java:722)
		at java.base/jdk.internal.reflect.NativeMethodAccessorImpl.invoke0(Native Method)
		at java.base/jdk.internal.reflect.NativeMethodAccessorImpl.invoke(NativeMethodAccessorImpl.java:62)
		at java.base/jdk.internal.reflect.DelegatingMethodAccessorImpl.invoke(DelegatingMethodAccessorImpl.java:43)
		at java.base/java.lang.reflect.Method.invoke(Method.java:566)
		at org.apache.catalina.startup.Bootstrap.start(Bootstrap.java:353)
		at org.apache.catalina.startup.Bootstrap.main(Bootstrap.java:493)
03-Oct-2019 11:54:40.657 INFO [main] org.apache.coyote.AbstractProtocol.pause Pausing ProtocolHandler ["http-nio-8080"]
03-Oct-2019 11:54:40.658 INFO [main] org.apache.coyote.AbstractProtocol.pause Pausing ProtocolHandler ["ajp-nio-8009"]
03-Oct-2019 11:54:40.658 INFO [main] org.apache.catalina.core.StandardService.stopInternal Stopping service [Catalina]
03-Oct-2019 11:54:40.755 INFO [main] org.apache.coyote.AbstractProtocol.stop Stopping ProtocolHandler ["http-nio-8080"]
03-Oct-2019 11:54:40.756 INFO [main] org.apache.coyote.AbstractProtocol.destroy Destroying ProtocolHandler ["http-nio-8080"]
03-Oct-2019 11:54:40.756 INFO [main] org.apache.coyote.AbstractProtocol.stop Stopping ProtocolHandler ["ajp-nio-8009"]
03-Oct-2019 11:54:40.756 INFO [main] org.apache.coyote.AbstractProtocol.destroy Destroying ProtocolHandler ["ajp-nio-8009"]
03-Oct-2019 11:55:23.301 INFO [ContainerBackgroundProcessor[StandardEngine[Catalina]]] org.apache.catalina.users.MemoryUserDatabase.backgroundProcess Reloading memory user database [UserDatabase] from updated source [file:/home/camila/Desktop/3%20ANO/IES/praticas/guiao2/apache-tomcat-8.5.46/conf/tomcat-users.xml]
03-Oct-2019 11:55:53.314 INFO [ContainerBackgroundProcessor[StandardEngine[Catalina]]] org.apache.catalina.users.MemoryUserDatabase.backgroundProcess Reloading memory user database [UserDatabase] from updated source [file:/home/camila/Desktop/3%20ANO/IES/praticas/guiao2/apache-tomcat-8.5.46/conf/tomcat-users.xml]
03-Oct-2019 11:59:43.632 INFO [ContainerBackgroundProcessor[StandardEngine[Catalina]]] org.apache.catalina.users.MemoryUserDatabase.backgroundProcess Reloading memory user database [UserDatabase] from updated source [file:/home/camila/Desktop/3%20ANO/IES/praticas/guiao2/apache-tomcat-8.5.46/conf/tomcat-users.xml]
